c:\users\macbook pro\source\repos\library_project\library_project\debug\vc142.pdb
c:\users\macbook pro\source\repos\library_project\library_project\debug\.netframework,version=v4.7.2.assemblyattributes.obj
c:\users\macbook pro\source\repos\library_project\library_project\debug\welcomeform.obj
c:\users\macbook pro\source\repos\library_project\library_project\debug\signinpage.obj
c:\users\macbook pro\source\repos\library_project\library_project\debug\loginpage.obj
c:\users\macbook pro\source\repos\library_project\library_project\debug\customerdata.obj
c:\users\macbook pro\source\repos\library_project\library_project\debug\availablebook.obj
c:\users\macbook pro\source\repos\library_project\library_project\debug\adminform.obj
c:\users\macbook pro\source\repos\library_project\library_project\debug\libraryproject.availablebook.resources
c:\users\macbook pro\source\repos\library_project\library_project\debug\libraryproject.customerdata.resources
c:\users\macbook pro\source\repos\library_project\library_project\debug\libraryproject.loginpage.resources
c:\users\macbook pro\source\repos\library_project\library_project\debug\libraryproject.signinpage.resources
c:\users\macbook pro\source\repos\library_project\library_project\debug\libraryproject.welcomeform.resources
c:\users\macbook pro\source\repos\library_project\library_project\debug\libraryproject.adminform.resources
c:\users\macbook pro\source\repos\library_project\debug\library_project.exe
c:\users\macbook pro\source\repos\library_project\debug\library_project.pdb
c:\users\macbook pro\source\repos\library_project\library_project\debug\library_project.tlog\cl.command.1.tlog
c:\users\macbook pro\source\repos\library_project\library_project\debug\library_project.tlog\cl.read.1.tlog
c:\users\macbook pro\source\repos\library_project\library_project\debug\library_project.tlog\cl.write.1.tlog
c:\users\macbook pro\source\repos\library_project\library_project\debug\library_project.tlog\library_project.write.1u.tlog
c:\users\macbook pro\source\repos\library_project\library_project\debug\library_project.tlog\link.command.1.tlog
c:\users\macbook pro\source\repos\library_project\library_project\debug\library_project.tlog\link.read.1.tlog
c:\users\macbook pro\source\repos\library_project\library_project\debug\library_project.tlog\link.write.1.tlog
c:\users\macbook pro\source\repos\library_project\library_project\debug\library_project.tlog\metagen.read.1.tlog
c:\users\macbook pro\source\repos\library_project\library_project\debug\library_project.tlog\metagen.write.1.tlog
